# JRE version: OpenJDK Runtime Environment Temurin-17.0.11+9 (17.0.11+9) (build 17.0.11+9)
# Java VM: OpenJDK 64-Bit Server VM Temurin-17.0.11+9 (17.0.11+9, mixed mode, tiered, compressed oops, compressed class ptrs, parallel gc, windows-amd64)
GC Precious Log:
 CPUs: 12 total, 12 available
 Memory: 16122M
 Large Page Support: Disabled
 NUMA Support: Disabled
 Compressed Oops: Enabled (32-bit)
 Alignments: Space 512K, Generation 512K, Heap 2M
 Heap Min Capacity: 100M
 Heap Initial Capacity: 100M
 Heap Max Capacity: 1G
 Pre-touch: Disabled
 Parallel Workers: 10
Heap:
 PSYoungGen      total 22528K, used 11549K [0x00000000eab00000, 0x00000000ec780000, 0x0000000100000000)
  eden space 22016K, 51% used [0x00000000eab00000,0x00000000eb60f4b0,0x00000000ec080000)
  from space 512K, 43% used [0x00000000ec700000,0x00000000ec738000,0x00000000ec780000)
  to   space 512K, 0% used [0x00000000ec680000,0x00000000ec680000,0x00000000ec700000)
 ParOldGen       total 68608K, used 39608K [0x00000000c0000000, 0x00000000c4300000, 0x00000000eab00000)
  object space 68608K, 57% used [0x00000000c0000000,0x00000000c26ae150,0x00000000c4300000)
 Metaspace       used 62736K, committed 63808K, reserved 1114112K
  class space    used 7250K, committed 7744K, reserved 1048576K
GC Heap History (20 events):
Event: 5.411 GC heap before
{Heap before GC invocations=26 (full 2):
 PSYoungGen      total 26112K, used 22656K [0x00000000eab00000, 0x00000000ecb00000, 0x0000000100000000)
  eden space 22016K, 100% used [0x00000000eab00000,0x00000000ec080000,0x00000000ec080000)
  from space 4096K, 15% used [0x00000000ec380000,0x00000000ec420000,0x00000000ec780000)
  to   space 1536K, 0% used [0x00000000ec980000,0x00000000ec980000,0x00000000ecb00000)
 ParOldGen       total 68608K, used 34639K [0x00000000c0000000, 0x00000000c4300000, 0x00000000eab00000)
  object space 68608K, 50% used [0x00000000c0000000,0x00000000c21d3e40,0x00000000c4300000)
 Metaspace       used 56108K, committed 57152K, reserved 1114112K
  class space    used 6251K, committed 6720K, reserved 1048576K
}
Event: 5.412 GC heap after
{Heap after GC invocations=26 (full 2):
 PSYoungGen      total 23552K, used 1521K [0x00000000eab00000, 0x00000000ecb80000, 0x0000000100000000)
  eden space 22016K, 0% used [0x00000000eab00000,0x00000000eab00000,0x00000000ec080000)
  from space 1536K, 99% used [0x00000000ec980000,0x00000000ecafc620,0x00000000ecb00000)
  to   space 5632K, 0% used [0x00000000ec080000,0x00000000ec080000,0x00000000ec600000)
 ParOldGen       total 68608K, used 37795K [0x00000000c0000000, 0x00000000c4300000, 0x00000000eab00000)
  object space 68608K, 55% used [0x00000000c0000000,0x00000000c24e8c78,0x00000000c4300000)
 Metaspace       used 56108K, committed 57152K, reserved 1114112K
  class space    used 6251K, committed 6720K, reserved 1048576K
}
Event: 5.565 GC heap before
{Heap before GC invocations=27 (full 2):
 PSYoungGen      total 23552K, used 23537K [0x00000000eab00000, 0x00000000ecb80000, 0x0000000100000000)
  eden space 22016K, 100% used [0x00000000eab00000,0x00000000ec080000,0x00000000ec080000)
  from space 1536K, 99% used [0x00000000ec980000,0x00000000ecafc620,0x00000000ecb00000)
  to   space 5632K, 0% used [0x00000000ec080000,0x00000000ec080000,0x00000000ec600000)
 ParOldGen       total 68608K, used 37795K [0x00000000c0000000, 0x00000000c4300000, 0x00000000eab00000)
  object space 68608K, 55% used [0x00000000c0000000,0x00000000c24e8c78,0x00000000c4300000)
 Metaspace       used 58424K, committed 59456K, reserved 1114112K
  class space    used 6631K, committed 7104K, reserved 1048576K
}
Event: 5.566 GC heap after
{Heap after GC invocations=27 (full 2):
 PSYoungGen      total 27648K, used 784K [0x00000000eab00000, 0x00000000eca00000, 0x0000000100000000)
  eden space 22016K, 0% used [0x00000000eab00000,0x00000000eab00000,0x00000000ec080000)
  from space 5632K, 13% used [0x00000000ec080000,0x00000000ec144010,0x00000000ec600000)
  to   space 2560K, 0% used [0x00000000ec780000,0x00000000ec780000,0x00000000eca00000)
 ParOldGen       total 68608K, used 39319K [0x00000000c0000000, 0x00000000c4300000, 0x00000000eab00000)
  object space 68608K, 57% used [0x00000000c0000000,0x00000000c2665cd8,0x00000000c4300000)
 Metaspace       used 58424K, committed 59456K, reserved 1114112K
  class space    used 6631K, committed 7104K, reserved 1048576K
}
Event: 5.588 GC heap before
{Heap before GC invocations=28 (full 2):
 PSYoungGen      total 27648K, used 5145K [0x00000000eab00000, 0x00000000eca00000, 0x0000000100000000)
  eden space 22016K, 19% used [0x00000000eab00000,0x00000000eaf42758,0x00000000ec080000)
  from space 5632K, 13% used [0x00000000ec080000,0x00000000ec144010,0x00000000ec600000)
  to   space 2560K, 0% used [0x00000000ec780000,0x00000000ec780000,0x00000000eca00000)
 ParOldGen       total 68608K, used 39319K [0x00000000c0000000, 0x00000000c4300000, 0x00000000eab00000)
  object space 68608K, 57% used [0x00000000c0000000,0x00000000c2665cd8,0x00000000c4300000)
 Metaspace       used 58769K, committed 59776K, reserved 1114112K
  class space    used 6692K, committed 7168K, reserved 1048576K
}
Event: 5.589 GC heap after
{Heap after GC invocations=28 (full 2):
 PSYoungGen      total 22528K, used 320K [0x00000000eab00000, 0x00000000ec800000, 0x0000000100000000)
  eden space 22016K, 0% used [0x00000000eab00000,0x00000000eab00000,0x00000000ec080000)
  from space 512K, 62% used [0x00000000ec780000,0x00000000ec7d0000,0x00000000ec800000)
  to   space 1024K, 0% used [0x00000000ec600000,0x00000000ec600000,0x00000000ec700000)
 ParOldGen       total 68608K, used 39956K [0x00000000c0000000, 0x00000000c4300000, 0x00000000eab00000)
  object space 68608K, 58% used [0x00000000c0000000,0x00000000c2705080,0x00000000c4300000)
 Metaspace       used 58769K, committed 59776K, reserved 1114112K
  class space    used 6692K, committed 7168K, reserved 1048576K
}
Event: 5.589 GC heap before
{Heap before GC invocations=29 (full 3):
 PSYoungGen      total 22528K, used 320K [0x00000000eab00000, 0x00000000ec800000, 0x0000000100000000)
  eden space 22016K, 0% used [0x00000000eab00000,0x00000000eab00000,0x00000000ec080000)
  from space 512K, 62% used [0x00000000ec780000,0x00000000ec7d0000,0x00000000ec800000)
  to   space 1024K, 0% used [0x00000000ec600000,0x00000000ec600000,0x00000000ec700000)
 ParOldGen       total 68608K, used 39956K [0x00000000c0000000, 0x00000000c4300000, 0x00000000eab00000)
  object space 68608K, 58% used [0x00000000c0000000,0x00000000c2705080,0x00000000c4300000)
 Metaspace       used 58769K, committed 59776K, reserved 1114112K
  class space    used 6692K, committed 7168K, reserved 1048576K
}
Event: 5.618 GC heap after
{Heap after GC invocations=29 (full 3):
 PSYoungGen      total 22528K, used 0K [0x00000000eab00000, 0x00000000ec800000, 0x0000000100000000)
  eden space 22016K, 0% used [0x00000000eab00000,0x00000000eab00000,0x00000000ec080000)
  from space 512K, 0% used [0x00000000ec780000,0x00000000ec780000,0x00000000ec800000)
  to   space 1024K, 0% used [0x00000000ec600000,0x00000000ec600000,0x00000000ec700000)
 ParOldGen       total 68608K, used 38280K [0x00000000c0000000, 0x00000000c4300000, 0x00000000eab00000)
  object space 68608K, 55% used [0x00000000c0000000,0x00000000c25620e0,0x00000000c4300000)
 Metaspace       used 58769K, committed 59776K, reserved 1114112K
  class space    used 6692K, committed 7168K, reserved 1048576K
}
Event: 5.946 GC heap before
{Heap before GC invocations=30 (full 3):
 PSYoungGen      total 22528K, used 22016K [0x00000000eab00000, 0x00000000ec800000, 0x0000000100000000)
  eden space 22016K, 100% used [0x00000000eab00000,0x00000000ec080000,0x00000000ec080000)
  from space 512K, 0% used [0x00000000ec780000,0x00000000ec780000,0x00000000ec800000)
  to   space 1024K, 0% used [0x00000000ec600000,0x00000000ec600000,0x00000000ec700000)
 ParOldGen       total 68608K, used 38280K [0x00000000c0000000, 0x00000000c4300000, 0x00000000eab00000)
  object space 68608K, 55% used [0x00000000c0000000,0x00000000c25620e0,0x00000000c4300000)
 Metaspace       used 61109K, committed 62208K, reserved 1114112K
  class space    used 7043K, committed 7552K, reserved 1048576K
}
Event: 5.946 GC heap after
{Heap after GC invocations=30 (full 3):
 PSYoungGen      total 23040K, used 736K [0x00000000eab00000, 0x00000000ec800000, 0x0000000100000000)
  eden space 22016K, 0% used [0x00000000eab00000,0x00000000eab00000,0x00000000ec080000)
  from space 1024K, 71% used [0x00000000ec600000,0x00000000ec6b8000,0x00000000ec700000)
  to   space 1024K, 0% used [0x00000000ec700000,0x00000000ec700000,0x00000000ec800000)
 ParOldGen       total 68608K, used 38288K [0x00000000c0000000, 0x00000000c4300000, 0x00000000eab00000)
  object space 68608K, 55% used [0x00000000c0000000,0x00000000c25640e0,0x00000000c4300000)
 Metaspace       used 61109K, committed 62208K, reserved 1114112K
  class space    used 7043K, committed 7552K, reserved 1048576K
}
Event: 16.406 GC heap before
{Heap before GC invocations=31 (full 3):
 PSYoungGen      total 23040K, used 22752K [0x00000000eab00000, 0x00000000ec800000, 0x0000000100000000)
  eden space 22016K, 100% used [0x00000000eab00000,0x00000000ec080000,0x00000000ec080000)
  from space 1024K, 71% used [0x00000000ec600000,0x00000000ec6b8000,0x00000000ec700000)
  to   space 1024K, 0% used [0x00000000ec700000,0x00000000ec700000,0x00000000ec800000)
 ParOldGen       total 68608K, used 38288K [0x00000000c0000000, 0x00000000c4300000, 0x00000000eab00000)
  object space 68608K, 55% used [0x00000000c0000000,0x00000000c25640e0,0x00000000c4300000)
 Metaspace       used 62459K, committed 63552K, reserved 1114112K
  class space    used 7204K, committed 7680K, reserved 1048576K
}
Event: 16.408 GC heap after
{Heap after GC invocations=31 (full 3):
 PSYoungGen      total 23040K, used 672K [0x00000000eab00000, 0x00000000ec800000, 0x0000000100000000)
  eden space 22016K, 0% used [0x00000000eab00000,0x00000000eab00000,0x00000000ec080000)
  from space 1024K, 65% used [0x00000000ec700000,0x00000000ec7a8000,0x00000000ec800000)
  to   space 1024K, 0% used [0x00000000ec600000,0x00000000ec600000,0x00000000ec700000)
 ParOldGen       total 68608K, used 38840K [0x00000000c0000000, 0x00000000c4300000, 0x00000000eab00000)
  object space 68608K, 56% used [0x00000000c0000000,0x00000000c25ee110,0x00000000c4300000)
 Metaspace       used 62459K, committed 63552K, reserved 1114112K
  class space    used 7204K, committed 7680K, reserved 1048576K
}
Event: 18.793 GC heap before
{Heap before GC invocations=32 (full 3):
 PSYoungGen      total 23040K, used 22688K [0x00000000eab00000, 0x00000000ec800000, 0x0000000100000000)
  eden space 22016K, 100% used [0x00000000eab00000,0x00000000ec080000,0x00000000ec080000)
  from space 1024K, 65% used [0x00000000ec700000,0x00000000ec7a8000,0x00000000ec800000)
  to   space 1024K, 0% used [0x00000000ec600000,0x00000000ec600000,0x00000000ec700000)
 ParOldGen       total 68608K, used 38840K [0x00000000c0000000, 0x00000000c4300000, 0x00000000eab00000)
  object space 68608K, 56% used [0x00000000c0000000,0x00000000c25ee110,0x00000000c4300000)
 Metaspace       used 62646K, committed 63744K, reserved 1114112K
  class space    used 7239K, committed 7744K, reserved 1048576K
}
Event: 18.793 GC heap after
{Heap after GC invocations=32 (full 3):
 PSYoungGen      total 23040K, used 320K [0x00000000eab00000, 0x00000000ec780000, 0x0000000100000000)
  eden space 22016K, 0% used [0x00000000eab00000,0x00000000eab00000,0x00000000ec080000)
  from space 1024K, 31% used [0x00000000ec600000,0x00000000ec650000,0x00000000ec700000)
  to   space 512K, 0% used [0x00000000ec700000,0x00000000ec700000,0x00000000ec780000)
 ParOldGen       total 68608K, used 39416K [0x00000000c0000000, 0x00000000c4300000, 0x00000000eab00000)
  object space 68608K, 57% used [0x00000000c0000000,0x00000000c267e150,0x00000000c4300000)
 Metaspace       used 62646K, committed 63744K, reserved 1114112K
  class space    used 7239K, committed 7744K, reserved 1048576K
}
Event: 21.542 GC heap before
{Heap before GC invocations=33 (full 3):
 PSYoungGen      total 23040K, used 22336K [0x00000000eab00000, 0x00000000ec780000, 0x0000000100000000)
  eden space 22016K, 100% used [0x00000000eab00000,0x00000000ec080000,0x00000000ec080000)
  from space 1024K, 31% used [0x00000000ec600000,0x00000000ec650000,0x00000000ec700000)
  to   space 512K, 0% used [0x00000000ec700000,0x00000000ec700000,0x00000000ec780000)
 ParOldGen       total 68608K, used 39416K [0x00000000c0000000, 0x00000000c4300000, 0x00000000eab00000)
  object space 68608K, 57% used [0x00000000c0000000,0x00000000c267e150,0x00000000c4300000)
 Metaspace       used 62648K, committed 63744K, reserved 1114112K
  class space    used 7239K, committed 7744K, reserved 1048576K
}
Event: 21.542 GC heap after
{Heap after GC invocations=33 (full 3):
 PSYoungGen      total 22528K, used 256K [0x00000000eab00000, 0x00000000ec780000, 0x0000000100000000)
  eden space 22016K, 0% used [0x00000000eab00000,0x00000000eab00000,0x00000000ec080000)
  from space 512K, 50% used [0x00000000ec700000,0x00000000ec740000,0x00000000ec780000)
  to   space 512K, 0% used [0x00000000ec680000,0x00000000ec680000,0x00000000ec700000)
 ParOldGen       total 68608K, used 39544K [0x00000000c0000000, 0x00000000c4300000, 0x00000000eab00000)
  object space 68608K, 57% used [0x00000000c0000000,0x00000000c269e150,0x00000000c4300000)
 Metaspace       used 62648K, committed 63744K, reserved 1114112K
  class space    used 7239K, committed 7744K, reserved 1048576K
}
Event: 22.135 GC heap before
{Heap before GC invocations=34 (full 3):
 PSYoungGen      total 22528K, used 22272K [0x00000000eab00000, 0x00000000ec780000, 0x0000000100000000)
  eden space 22016K, 100% used [0x00000000eab00000,0x00000000ec080000,0x00000000ec080000)
  from space 512K, 50% used [0x00000000ec700000,0x00000000ec740000,0x00000000ec780000)
  to   space 512K, 0% used [0x00000000ec680000,0x00000000ec680000,0x00000000ec700000)
 ParOldGen       total 68608K, used 39544K [0x00000000c0000000, 0x00000000c4300000, 0x00000000eab00000)
  object space 68608K, 57% used [0x00000000c0000000,0x00000000c269e150,0x00000000c4300000)
 Metaspace       used 62653K, committed 63744K, reserved 1114112K
  class space    used 7239K, committed 7744K, reserved 1048576K
}
Event: 22.135 GC heap after
{Heap after GC invocations=34 (full 3):
 PSYoungGen      total 22528K, used 288K [0x00000000eab00000, 0x00000000ec780000, 0x0000000100000000)
  eden space 22016K, 0% used [0x00000000eab00000,0x00000000eab00000,0x00000000ec080000)
  from space 512K, 56% used [0x00000000ec680000,0x00000000ec6c8000,0x00000000ec700000)
  to   space 512K, 0% used [0x00000000ec700000,0x00000000ec700000,0x00000000ec780000)
 ParOldGen       total 68608K, used 39568K [0x00000000c0000000, 0x00000000c4300000, 0x00000000eab00000)
  object space 68608K, 57% used [0x00000000c0000000,0x00000000c26a4150,0x00000000c4300000)
 Metaspace       used 62653K, committed 63744K, reserved 1114112K
  class space    used 7239K, committed 7744K, reserved 1048576K
}
Event: 22.442 GC heap before
{Heap before GC invocations=35 (full 3):
 PSYoungGen      total 22528K, used 22304K [0x00000000eab00000, 0x00000000ec780000, 0x0000000100000000)
  eden space 22016K, 100% used [0x00000000eab00000,0x00000000ec080000,0x00000000ec080000)
  from space 512K, 56% used [0x00000000ec680000,0x00000000ec6c8000,0x00000000ec700000)
  to   space 512K, 0% used [0x00000000ec700000,0x00000000ec700000,0x00000000ec780000)
 ParOldGen       total 68608K, used 39568K [0x00000000c0000000, 0x00000000c4300000, 0x00000000eab00000)
  object space 68608K, 57% used [0x00000000c0000000,0x00000000c26a4150,0x00000000c4300000)
 Metaspace       used 62660K, committed 63744K, reserved 1114112K
  class space    used 7239K, committed 7744K, reserved 1048576K
}
Event: 22.442 GC heap after
{Heap after GC invocations=35 (full 3):
 PSYoungGen      total 22528K, used 224K [0x00000000eab00000, 0x00000000ec780000, 0x0000000100000000)
  eden space 22016K, 0% used [0x00000000eab00000,0x00000000eab00000,0x00000000ec080000)
  from space 512K, 43% used [0x00000000ec700000,0x00000000ec738000,0x00000000ec780000)
  to   space 512K, 0% used [0x00000000ec680000,0x00000000ec680000,0x00000000ec700000)
 ParOldGen       total 68608K, used 39608K [0x00000000c0000000, 0x00000000c4300000, 0x00000000eab00000)
  object space 68608K, 57% used [0x00000000c0000000,0x00000000c26ae150,0x00000000c4300000)
 Metaspace       used 62660K, committed 63744K, reserved 1114112K
  class space    used 7239K, committed 7744K, reserved 1048576K
}

