# JRE version: OpenJDK Runtime Environment Temurin-17.0.11+9 (17.0.11+9) (build 17.0.11+9)
# Java VM: OpenJDK 64-Bit Server VM Temurin-17.0.11+9 (17.0.11+9, mixed mode, tiered, compressed oops, compressed class ptrs, parallel gc, windows-amd64)
GC Precious Log:
 CPUs: 12 total, 12 available
 Memory: 16122M
 Large Page Support: Disabled
 NUMA Support: Disabled
 Compressed Oops: Enabled (32-bit)
 Alignments: Space 512K, Generation 512K, Heap 2M
 Heap Min Capacity: 100M
 Heap Initial Capacity: 100M
 Heap Max Capacity: 1G
 Pre-touch: Disabled
 Parallel Workers: 10
Heap:
 PSYoungGen      total 136192K, used 69774K [0x00000000eab00000, 0x00000000f5780000, 0x0000000100000000)
  eden space 95744K, 30% used [0x00000000eab00000,0x00000000ec7a4868,0x00000000f0880000)
  from space 40448K, 99% used [0x00000000f3000000,0x00000000f577f180,0x00000000f5780000)
  to   space 28672K, 0% used [0x00000000f0b80000,0x00000000f0b80000,0x00000000f2780000)
 ParOldGen       total 233472K, used 223942K [0x00000000c0000000, 0x00000000ce400000, 0x00000000eab00000)
  object space 233472K, 95% used [0x00000000c0000000,0x00000000cdab1960,0x00000000ce400000)
 Metaspace       used 79381K, committed 80512K, reserved 1179648K
  class space    used 8891K, committed 9408K, reserved 1048576K
GC Heap History (20 events):
Event: 13.785 GC heap before
{Heap before GC invocations=182 (full 9):
 PSYoungGen      total 121856K, used 121836K [0x00000000eab00000, 0x00000000f3380000, 0x0000000100000000)
  eden space 111104K, 100% used [0x00000000eab00000,0x00000000f1780000,0x00000000f1780000)
  from space 10752K, 99% used [0x00000000f2900000,0x00000000f337b240,0x00000000f3380000)
  to   space 13824K, 0% used [0x00000000f1880000,0x00000000f1880000,0x00000000f2600000)
 ParOldGen       total 197120K, used 182877K [0x00000000c0000000, 0x00000000cc080000, 0x00000000eab00000)
  object space 197120K, 92% used [0x00000000c0000000,0x00000000cb297750,0x00000000cc080000)
 Metaspace       used 73725K, committed 74880K, reserved 1179648K
  class space    used 8474K, committed 8960K, reserved 1048576K
}
Event: 13.790 GC heap after
{Heap after GC invocations=182 (full 9):
 PSYoungGen      total 125952K, used 8833K [0x00000000eab00000, 0x00000000f3500000, 0x0000000100000000)
  eden space 112128K, 0% used [0x00000000eab00000,0x00000000eab00000,0x00000000f1880000)
  from space 13824K, 63% used [0x00000000f1880000,0x00000000f2120430,0x00000000f2600000)
  to   space 10752K, 0% used [0x00000000f2a80000,0x00000000f2a80000,0x00000000f3500000)
 ParOldGen       total 197120K, used 188956K [0x00000000c0000000, 0x00000000cc080000, 0x00000000eab00000)
  object space 197120K, 95% used [0x00000000c0000000,0x00000000cb887250,0x00000000cc080000)
 Metaspace       used 73725K, committed 74880K, reserved 1179648K
  class space    used 8474K, committed 8960K, reserved 1048576K
}
Event: 13.827 GC heap before
{Heap before GC invocations=183 (full 9):
 PSYoungGen      total 125952K, used 120961K [0x00000000eab00000, 0x00000000f3500000, 0x0000000100000000)
  eden space 112128K, 100% used [0x00000000eab00000,0x00000000f1880000,0x00000000f1880000)
  from space 13824K, 63% used [0x00000000f1880000,0x00000000f2120430,0x00000000f2600000)
  to   space 10752K, 0% used [0x00000000f2a80000,0x00000000f2a80000,0x00000000f3500000)
 ParOldGen       total 197120K, used 188956K [0x00000000c0000000, 0x00000000cc080000, 0x00000000eab00000)
  object space 197120K, 95% used [0x00000000c0000000,0x00000000cb887250,0x00000000cc080000)
 Metaspace       used 73897K, committed 75072K, reserved 1179648K
  class space    used 8488K, committed 9024K, reserved 1048576K
}
Event: 13.831 GC heap after
{Heap after GC invocations=183 (full 9):
 PSYoungGen      total 127488K, used 10742K [0x00000000eab00000, 0x00000000f3c80000, 0x0000000100000000)
  eden space 116736K, 0% used [0x00000000eab00000,0x00000000eab00000,0x00000000f1d00000)
  from space 10752K, 99% used [0x00000000f2a80000,0x00000000f34fdaa8,0x00000000f3500000)
  to   space 13824K, 0% used [0x00000000f1d00000,0x00000000f1d00000,0x00000000f2a80000)
 ParOldGen       total 197120K, used 191241K [0x00000000c0000000, 0x00000000cc080000, 0x00000000eab00000)
  object space 197120K, 97% used [0x00000000c0000000,0x00000000cbac2400,0x00000000cc080000)
 Metaspace       used 73897K, committed 75072K, reserved 1179648K
  class space    used 8488K, committed 9024K, reserved 1048576K
}
Event: 13.872 GC heap before
{Heap before GC invocations=184 (full 9):
 PSYoungGen      total 127488K, used 127478K [0x00000000eab00000, 0x00000000f3c80000, 0x0000000100000000)
  eden space 116736K, 100% used [0x00000000eab00000,0x00000000f1d00000,0x00000000f1d00000)
  from space 10752K, 99% used [0x00000000f2a80000,0x00000000f34fdaa8,0x00000000f3500000)
  to   space 13824K, 0% used [0x00000000f1d00000,0x00000000f1d00000,0x00000000f2a80000)
 ParOldGen       total 197120K, used 191241K [0x00000000c0000000, 0x00000000cc080000, 0x00000000eab00000)
  object space 197120K, 97% used [0x00000000c0000000,0x00000000cbac2400,0x00000000cc080000)
 Metaspace       used 74020K, committed 75200K, reserved 1179648K
  class space    used 8505K, committed 9024K, reserved 1048576K
}
Event: 13.877 GC heap after
{Heap after GC invocations=184 (full 9):
 PSYoungGen      total 130560K, used 11560K [0x00000000eab00000, 0x00000000f3e80000, 0x0000000100000000)
  eden space 116736K, 0% used [0x00000000eab00000,0x00000000eab00000,0x00000000f1d00000)
  from space 13824K, 83% used [0x00000000f1d00000,0x00000000f284a070,0x00000000f2a80000)
  to   space 12288K, 0% used [0x00000000f3280000,0x00000000f3280000,0x00000000f3e80000)
 ParOldGen       total 197120K, used 195009K [0x00000000c0000000, 0x00000000cc080000, 0x00000000eab00000)
  object space 197120K, 98% used [0x00000000c0000000,0x00000000cbe704e0,0x00000000cc080000)
 Metaspace       used 74020K, committed 75200K, reserved 1179648K
  class space    used 8505K, committed 9024K, reserved 1048576K
}
Event: 13.877 GC heap before
{Heap before GC invocations=185 (full 10):
 PSYoungGen      total 130560K, used 11560K [0x00000000eab00000, 0x00000000f3e80000, 0x0000000100000000)
  eden space 116736K, 0% used [0x00000000eab00000,0x00000000eab00000,0x00000000f1d00000)
  from space 13824K, 83% used [0x00000000f1d00000,0x00000000f284a070,0x00000000f2a80000)
  to   space 12288K, 0% used [0x00000000f3280000,0x00000000f3280000,0x00000000f3e80000)
 ParOldGen       total 197120K, used 195009K [0x00000000c0000000, 0x00000000cc080000, 0x00000000eab00000)
  object space 197120K, 98% used [0x00000000c0000000,0x00000000cbe704e0,0x00000000cc080000)
 Metaspace       used 74020K, committed 75200K, reserved 1179648K
  class space    used 8505K, committed 9024K, reserved 1048576K
}
Event: 13.932 GC heap after
{Heap after GC invocations=185 (full 10):
 PSYoungGen      total 113152K, used 0K [0x00000000eab00000, 0x00000000f3300000, 0x0000000100000000)
  eden space 112640K, 0% used [0x00000000eab00000,0x00000000eab00000,0x00000000f1900000)
  from space 512K, 0% used [0x00000000f3280000,0x00000000f3280000,0x00000000f3300000)
  to   space 12288K, 0% used [0x00000000f1b00000,0x00000000f1b00000,0x00000000f2700000)
 ParOldGen       total 233472K, used 185281K [0x00000000c0000000, 0x00000000ce400000, 0x00000000eab00000)
  object space 233472K, 79% used [0x00000000c0000000,0x00000000cb4f0608,0x00000000ce400000)
 Metaspace       used 74020K, committed 75200K, reserved 1179648K
  class space    used 8505K, committed 9024K, reserved 1048576K
}
Event: 13.978 GC heap before
{Heap before GC invocations=186 (full 10):
 PSYoungGen      total 113152K, used 112640K [0x00000000eab00000, 0x00000000f3300000, 0x0000000100000000)
  eden space 112640K, 100% used [0x00000000eab00000,0x00000000f1900000,0x00000000f1900000)
  from space 512K, 0% used [0x00000000f3280000,0x00000000f3280000,0x00000000f3300000)
  to   space 12288K, 0% used [0x00000000f1b00000,0x00000000f1b00000,0x00000000f2700000)
 ParOldGen       total 233472K, used 185281K [0x00000000c0000000, 0x00000000ce400000, 0x00000000eab00000)
  object space 233472K, 79% used [0x00000000c0000000,0x00000000cb4f0608,0x00000000ce400000)
 Metaspace       used 74335K, committed 75456K, reserved 1179648K
  class space    used 8518K, committed 9024K, reserved 1048576K
}
Event: 13.979 GC heap after
{Heap after GC invocations=186 (full 10):
 PSYoungGen      total 121344K, used 3732K [0x00000000eab00000, 0x00000000f3300000, 0x0000000100000000)
  eden space 109056K, 0% used [0x00000000eab00000,0x00000000eab00000,0x00000000f1580000)
  from space 12288K, 30% used [0x00000000f1b00000,0x00000000f1ea5098,0x00000000f2700000)
  to   space 7168K, 0% used [0x00000000f2c00000,0x00000000f2c00000,0x00000000f3300000)
 ParOldGen       total 233472K, used 185281K [0x00000000c0000000, 0x00000000ce400000, 0x00000000eab00000)
  object space 233472K, 79% used [0x00000000c0000000,0x00000000cb4f0608,0x00000000ce400000)
 Metaspace       used 74335K, committed 75456K, reserved 1179648K
  class space    used 8518K, committed 9024K, reserved 1048576K
}
Event: 14.034 GC heap before
{Heap before GC invocations=187 (full 10):
 PSYoungGen      total 121344K, used 112788K [0x00000000eab00000, 0x00000000f3300000, 0x0000000100000000)
  eden space 109056K, 100% used [0x00000000eab00000,0x00000000f1580000,0x00000000f1580000)
  from space 12288K, 30% used [0x00000000f1b00000,0x00000000f1ea5098,0x00000000f2700000)
  to   space 7168K, 0% used [0x00000000f2c00000,0x00000000f2c00000,0x00000000f3300000)
 ParOldGen       total 233472K, used 185281K [0x00000000c0000000, 0x00000000ce400000, 0x00000000eab00000)
  object space 233472K, 79% used [0x00000000c0000000,0x00000000cb4f0608,0x00000000ce400000)
 Metaspace       used 74753K, committed 75904K, reserved 1179648K
  class space    used 8563K, committed 9088K, reserved 1048576K
}
Event: 14.036 GC heap after
{Heap after GC invocations=187 (full 10):
 PSYoungGen      total 111616K, used 6016K [0x00000000eab00000, 0x00000000f3200000, 0x0000000100000000)
  eden space 105472K, 0% used [0x00000000eab00000,0x00000000eab00000,0x00000000f1200000)
  from space 6144K, 97% used [0x00000000f2c00000,0x00000000f31e0278,0x00000000f3200000)
  to   space 6656K, 0% used [0x00000000f2500000,0x00000000f2500000,0x00000000f2b80000)
 ParOldGen       total 233472K, used 185281K [0x00000000c0000000, 0x00000000ce400000, 0x00000000eab00000)
  object space 233472K, 79% used [0x00000000c0000000,0x00000000cb4f0608,0x00000000ce400000)
 Metaspace       used 74753K, committed 75904K, reserved 1179648K
  class space    used 8563K, committed 9088K, reserved 1048576K
}
Event: 14.269 GC heap before
{Heap before GC invocations=188 (full 10):
 PSYoungGen      total 111616K, used 111488K [0x00000000eab00000, 0x00000000f3200000, 0x0000000100000000)
  eden space 105472K, 100% used [0x00000000eab00000,0x00000000f1200000,0x00000000f1200000)
  from space 6144K, 97% used [0x00000000f2c00000,0x00000000f31e0278,0x00000000f3200000)
  to   space 6656K, 0% used [0x00000000f2500000,0x00000000f2500000,0x00000000f2b80000)
 ParOldGen       total 233472K, used 185281K [0x00000000c0000000, 0x00000000ce400000, 0x00000000eab00000)
  object space 233472K, 79% used [0x00000000c0000000,0x00000000cb4f0608,0x00000000ce400000)
 Metaspace       used 76580K, committed 77824K, reserved 1179648K
  class space    used 8692K, committed 9216K, reserved 1048576K
}
Event: 14.276 GC heap after
{Heap after GC invocations=188 (full 10):
 PSYoungGen      total 108544K, used 6647K [0x00000000eab00000, 0x00000000f3d80000, 0x0000000100000000)
  eden space 101888K, 0% used [0x00000000eab00000,0x00000000eab00000,0x00000000f0e80000)
  from space 6656K, 99% used [0x00000000f2500000,0x00000000f2b7dc48,0x00000000f2b80000)
  to   space 18432K, 0% used [0x00000000f2b80000,0x00000000f2b80000,0x00000000f3d80000)
 ParOldGen       total 233472K, used 199988K [0x00000000c0000000, 0x00000000ce400000, 0x00000000eab00000)
  object space 233472K, 85% used [0x00000000c0000000,0x00000000cc34d118,0x00000000ce400000)
 Metaspace       used 76580K, committed 77824K, reserved 1179648K
  class space    used 8692K, committed 9216K, reserved 1048576K
}
Event: 14.517 GC heap before
{Heap before GC invocations=189 (full 10):
 PSYoungGen      total 108544K, used 108535K [0x00000000eab00000, 0x00000000f3d80000, 0x0000000100000000)
  eden space 101888K, 100% used [0x00000000eab00000,0x00000000f0e80000,0x00000000f0e80000)
  from space 6656K, 99% used [0x00000000f2500000,0x00000000f2b7dc48,0x00000000f2b80000)
  to   space 18432K, 0% used [0x00000000f2b80000,0x00000000f2b80000,0x00000000f3d80000)
 ParOldGen       total 233472K, used 199988K [0x00000000c0000000, 0x00000000ce400000, 0x00000000eab00000)
  object space 233472K, 85% used [0x00000000c0000000,0x00000000cc34d118,0x00000000ce400000)
 Metaspace       used 77838K, committed 79040K, reserved 1179648K
  class space    used 8820K, committed 9344K, reserved 1048576K
}
Event: 14.528 GC heap after
{Heap after GC invocations=189 (full 10):
 PSYoungGen      total 117248K, used 18405K [0x00000000eab00000, 0x00000000f4380000, 0x0000000100000000)
  eden space 98816K, 0% used [0x00000000eab00000,0x00000000eab00000,0x00000000f0b80000)
  from space 18432K, 99% used [0x00000000f2b80000,0x00000000f3d79608,0x00000000f3d80000)
  to   space 28672K, 0% used [0x00000000f0b80000,0x00000000f0b80000,0x00000000f2780000)
 ParOldGen       total 233472K, used 208214K [0x00000000c0000000, 0x00000000ce400000, 0x00000000eab00000)
  object space 233472K, 89% used [0x00000000c0000000,0x00000000ccb55870,0x00000000ce400000)
 Metaspace       used 77838K, committed 79040K, reserved 1179648K
  class space    used 8820K, committed 9344K, reserved 1048576K
}
Event: 14.742 GC heap before
{Heap before GC invocations=190 (full 10):
 PSYoungGen      total 117248K, used 117221K [0x00000000eab00000, 0x00000000f4380000, 0x0000000100000000)
  eden space 98816K, 100% used [0x00000000eab00000,0x00000000f0b80000,0x00000000f0b80000)
  from space 18432K, 99% used [0x00000000f2b80000,0x00000000f3d79608,0x00000000f3d80000)
  to   space 28672K, 0% used [0x00000000f0b80000,0x00000000f0b80000,0x00000000f2780000)
 ParOldGen       total 233472K, used 208214K [0x00000000c0000000, 0x00000000ce400000, 0x00000000eab00000)
  object space 233472K, 89% used [0x00000000c0000000,0x00000000ccb55870,0x00000000ce400000)
 Metaspace       used 78749K, committed 79936K, reserved 1179648K
  class space    used 8875K, committed 9408K, reserved 1048576K
}
Event: 14.757 GC heap after
{Heap after GC invocations=190 (full 10):
 PSYoungGen      total 124416K, used 28650K [0x00000000eab00000, 0x00000000f5780000, 0x0000000100000000)
  eden space 95744K, 0% used [0x00000000eab00000,0x00000000eab00000,0x00000000f0880000)
  from space 28672K, 99% used [0x00000000f0b80000,0x00000000f277aa88,0x00000000f2780000)
  to   space 40448K, 0% used [0x00000000f3000000,0x00000000f3000000,0x00000000f5780000)
 ParOldGen       total 233472K, used 217346K [0x00000000c0000000, 0x00000000ce400000, 0x00000000eab00000)
  object space 233472K, 93% used [0x00000000c0000000,0x00000000cd440ae0,0x00000000ce400000)
 Metaspace       used 78749K, committed 79936K, reserved 1179648K
  class space    used 8875K, committed 9408K, reserved 1048576K
}
Event: 14.983 GC heap before
{Heap before GC invocations=191 (full 10):
 PSYoungGen      total 124416K, used 124394K [0x00000000eab00000, 0x00000000f5780000, 0x0000000100000000)
  eden space 95744K, 100% used [0x00000000eab00000,0x00000000f0880000,0x00000000f0880000)
  from space 28672K, 99% used [0x00000000f0b80000,0x00000000f277aa88,0x00000000f2780000)
  to   space 40448K, 0% used [0x00000000f3000000,0x00000000f3000000,0x00000000f5780000)
 ParOldGen       total 233472K, used 217346K [0x00000000c0000000, 0x00000000ce400000, 0x00000000eab00000)
  object space 233472K, 93% used [0x00000000c0000000,0x00000000cd440ae0,0x00000000ce400000)
 Metaspace       used 79305K, committed 80448K, reserved 1179648K
  class space    used 8884K, committed 9408K, reserved 1048576K
}
Event: 15.001 GC heap after
{Heap after GC invocations=191 (full 10):
 PSYoungGen      total 136192K, used 40444K [0x00000000eab00000, 0x00000000f5780000, 0x0000000100000000)
  eden space 95744K, 0% used [0x00000000eab00000,0x00000000eab00000,0x00000000f0880000)
  from space 40448K, 99% used [0x00000000f3000000,0x00000000f577f180,0x00000000f5780000)
  to   space 28672K, 0% used [0x00000000f0b80000,0x00000000f0b80000,0x00000000f2780000)
 ParOldGen       total 233472K, used 223942K [0x00000000c0000000, 0x00000000ce400000, 0x00000000eab00000)
  object space 233472K, 95% used [0x00000000c0000000,0x00000000cdab1960,0x00000000ce400000)
 Metaspace       used 79305K, committed 80448K, reserved 1179648K
  class space    used 8884K, committed 9408K, reserved 1048576K
}

