# JRE version: OpenJDK Runtime Environment Microsoft-8902769 (17.0.10+7) (build 17.0.10+7-LTS)
# Java VM: OpenJDK 64-Bit Server VM Microsoft-8902769 (17.0.10+7-LTS, mixed mode, sharing, tiered, compressed oops, compressed class ptrs, g1 gc, windows-amd64)
GC Precious Log:
 CPUs: 12 total, 12 available
 Memory: 16122M
 Large Page Support: Disabled
 NUMA Support: Disabled
 Compressed Oops: Enabled (32-bit)
 Heap Region Size: 1M
 Heap Min Capacity: 8M
 Heap Initial Capacity: 252M
 Heap Max Capacity: 2G
 Pre-touch: Disabled
 Parallel Workers: 10
 Concurrent Workers: 3
 Concurrent Refinement Workers: 10
 Periodic GC: Disabled
Heap:
 garbage-first heap   total 366592K, used 215868K [0x0000000080000000, 0x0000000100000000)
  region size 1024K, 112 young (114688K), 18 survivors (18432K)
 Metaspace       used 95529K, committed 96512K, reserved 557056K
  class space    used 13544K, committed 14016K, reserved 425984K
GC Heap History (20 events):
Event: 11.502 GC heap before
{Heap before GC invocations=18 (full 0):
 garbage-first heap   total 183296K, used 145689K [0x0000000080000000, 0x0000000100000000)
  region size 1024K, 87 young (89088K), 12 survivors (12288K)
 Metaspace       used 68827K, committed 69568K, reserved 491520K
  class space    used 9862K, committed 10240K, reserved 425984K
}
Event: 11.510 GC heap after
{Heap after GC invocations=19 (full 0):
 garbage-first heap   total 183296K, used 75378K [0x0000000080000000, 0x0000000100000000)
  region size 1024K, 8 young (8192K), 8 survivors (8192K)
 Metaspace       used 68827K, committed 69568K, reserved 491520K
  class space    used 9862K, committed 10240K, reserved 425984K
}
Event: 11.893 GC heap before
{Heap before GC invocations=19 (full 0):
 garbage-first heap   total 183296K, used 151154K [0x0000000080000000, 0x0000000100000000)
  region size 1024K, 77 young (78848K), 8 survivors (8192K)
 Metaspace       used 70850K, committed 71616K, reserved 491520K
  class space    used 10113K, committed 10496K, reserved 425984K
}
Event: 11.897 GC heap after
{Heap after GC invocations=20 (full 0):
 garbage-first heap   total 183296K, used 88064K [0x0000000080000000, 0x0000000100000000)
  region size 1024K, 10 young (10240K), 10 survivors (10240K)
 Metaspace       used 70850K, committed 71616K, reserved 491520K
  class space    used 10113K, committed 10496K, reserved 425984K
}
Event: 12.212 GC heap before
{Heap before GC invocations=20 (full 0):
 garbage-first heap   total 183296K, used 140288K [0x0000000080000000, 0x0000000100000000)
  region size 1024K, 58 young (59392K), 10 survivors (10240K)
 Metaspace       used 75014K, committed 75776K, reserved 491520K
  class space    used 10562K, committed 10944K, reserved 425984K
}
Event: 12.216 GC heap after
{Heap after GC invocations=21 (full 0):
 garbage-first heap   total 183296K, used 97014K [0x0000000080000000, 0x0000000100000000)
  region size 1024K, 6 young (6144K), 6 survivors (6144K)
 Metaspace       used 75014K, committed 75776K, reserved 491520K
  class space    used 10562K, committed 10944K, reserved 425984K
}
Event: 12.532 GC heap before
{Heap before GC invocations=22 (full 0):
 garbage-first heap   total 183296K, used 147190K [0x0000000080000000, 0x0000000100000000)
  region size 1024K, 53 young (54272K), 6 survivors (6144K)
 Metaspace       used 78002K, committed 78784K, reserved 557056K
  class space    used 10972K, committed 11328K, reserved 425984K
}
Event: 12.535 GC heap after
{Heap after GC invocations=23 (full 0):
 garbage-first heap   total 183296K, used 95726K [0x0000000080000000, 0x0000000100000000)
  region size 1024K, 4 young (4096K), 4 survivors (4096K)
 Metaspace       used 78002K, committed 78784K, reserved 557056K
  class space    used 10972K, committed 11328K, reserved 425984K
}
Event: 12.558 GC heap before
{Heap before GC invocations=23 (full 0):
 garbage-first heap   total 183296K, used 98798K [0x0000000080000000, 0x0000000100000000)
  region size 1024K, 8 young (8192K), 4 survivors (4096K)
 Metaspace       used 78331K, committed 79168K, reserved 557056K
  class space    used 11002K, committed 11392K, reserved 425984K
}
Event: 12.560 GC heap after
{Heap after GC invocations=24 (full 0):
 garbage-first heap   total 183296K, used 95820K [0x0000000080000000, 0x0000000100000000)
  region size 1024K, 1 young (1024K), 1 survivors (1024K)
 Metaspace       used 78331K, committed 79168K, reserved 557056K
  class space    used 11002K, committed 11392K, reserved 425984K
}
Event: 12.846 GC heap before
{Heap before GC invocations=24 (full 0):
 garbage-first heap   total 183296K, used 147020K [0x0000000080000000, 0x0000000100000000)
  region size 1024K, 51 young (52224K), 1 survivors (1024K)
 Metaspace       used 81848K, committed 82624K, reserved 557056K
  class space    used 11494K, committed 11904K, reserved 425984K
}
Event: 12.848 GC heap after
{Heap after GC invocations=25 (full 0):
 garbage-first heap   total 183296K, used 97129K [0x0000000080000000, 0x0000000100000000)
  region size 1024K, 2 young (2048K), 2 survivors (2048K)
 Metaspace       used 81848K, committed 82624K, reserved 557056K
  class space    used 11494K, committed 11904K, reserved 425984K
}
Event: 13.090 GC heap before
{Heap before GC invocations=26 (full 0):
 garbage-first heap   total 183296K, used 149353K [0x0000000080000000, 0x0000000100000000)
  region size 1024K, 53 young (54272K), 2 survivors (2048K)
 Metaspace       used 83442K, committed 84352K, reserved 557056K
  class space    used 11721K, committed 12160K, reserved 425984K
}
Event: 13.094 GC heap after
{Heap after GC invocations=27 (full 0):
 garbage-first heap   total 183296K, used 101085K [0x0000000080000000, 0x0000000100000000)
  region size 1024K, 6 young (6144K), 6 survivors (6144K)
 Metaspace       used 83442K, committed 84352K, reserved 557056K
  class space    used 11721K, committed 12160K, reserved 425984K
}
Event: 13.099 GC heap before
{Heap before GC invocations=27 (full 0):
 garbage-first heap   total 183296K, used 103133K [0x0000000080000000, 0x0000000100000000)
  region size 1024K, 8 young (8192K), 6 survivors (6144K)
 Metaspace       used 83442K, committed 84352K, reserved 557056K
  class space    used 11721K, committed 12160K, reserved 425984K
}
Event: 13.102 GC heap after
{Heap after GC invocations=28 (full 0):
 garbage-first heap   total 183296K, used 100098K [0x0000000080000000, 0x0000000100000000)
  region size 1024K, 1 young (1024K), 1 survivors (1024K)
 Metaspace       used 83442K, committed 84352K, reserved 557056K
  class space    used 11721K, committed 12160K, reserved 425984K
}
Event: 15.005 GC heap before
{Heap before GC invocations=28 (full 0):
 garbage-first heap   total 183296K, used 150274K [0x0000000080000000, 0x0000000100000000)
  region size 1024K, 49 young (50176K), 1 survivors (1024K)
 Metaspace       used 86159K, committed 87040K, reserved 557056K
  class space    used 12099K, committed 12544K, reserved 425984K
}
Event: 15.007 GC heap after
{Heap after GC invocations=29 (full 0):
 garbage-first heap   total 366592K, used 103265K [0x0000000080000000, 0x0000000100000000)
  region size 1024K, 4 young (4096K), 4 survivors (4096K)
 Metaspace       used 86159K, committed 87040K, reserved 557056K
  class space    used 12099K, committed 12544K, reserved 425984K
}
Event: 16.355 GC heap before
{Heap before GC invocations=29 (full 0):
 garbage-first heap   total 366592K, used 292705K [0x0000000080000000, 0x0000000100000000)
  region size 1024K, 189 young (193536K), 4 survivors (4096K)
 Metaspace       used 94227K, committed 95232K, reserved 557056K
  class space    used 13403K, committed 13888K, reserved 425984K
}
Event: 16.363 GC heap after
{Heap after GC invocations=30 (full 0):
 garbage-first heap   total 366592K, used 117564K [0x0000000080000000, 0x0000000100000000)
  region size 1024K, 18 young (18432K), 18 survivors (18432K)
 Metaspace       used 94227K, committed 95232K, reserved 557056K
  class space    used 13403K, committed 13888K, reserved 425984K
}

