# JRE version: OpenJDK Runtime Environment Microsoft-8902769 (17.0.10+7) (build 17.0.10+7-LTS)
# Java VM: OpenJDK 64-Bit Server VM Microsoft-8902769 (17.0.10+7-LTS, mixed mode, sharing, tiered, compressed oops, compressed class ptrs, g1 gc, windows-amd64)
GC Precious Log:
 CPUs: 12 total, 12 available
 Memory: 16122M
 Large Page Support: Disabled
 NUMA Support: Disabled
 Compressed Oops: Enabled (32-bit)
 Heap Region Size: 1M
 Heap Min Capacity: 8M
 Heap Initial Capacity: 252M
 Heap Max Capacity: 2G
 Pre-touch: Disabled
 Parallel Workers: 10
 Concurrent Workers: 3
 Concurrent Refinement Workers: 10
 Periodic GC: Disabled
Heap:
 garbage-first heap   total 141312K, used 64109K [0x0000000080000000, 0x0000000100000000)
  region size 1024K, 1 young (1024K), 1 survivors (1024K)
 Metaspace       used 57878K, committed 58560K, reserved 491520K
  class space    used 8064K, committed 8384K, reserved 425984K
GC Heap History (20 events):
Event: 5.744 GC heap after
{Heap after GC invocations=10 (full 0):
 garbage-first heap   total 81920K, used 35567K [0x0000000080000000, 0x0000000100000000)
  region size 1024K, 2 young (2048K), 2 survivors (2048K)
 Metaspace       used 37082K, committed 37632K, reserved 491520K
  class space    used 5200K, committed 5440K, reserved 425984K
}
Event: 6.003 GC heap before
{Heap before GC invocations=10 (full 0):
 garbage-first heap   total 81920K, used 62191K [0x0000000080000000, 0x0000000100000000)
  region size 1024K, 28 young (28672K), 2 survivors (2048K)
 Metaspace       used 39171K, committed 39616K, reserved 491520K
  class space    used 5520K, committed 5760K, reserved 425984K
}
Event: 6.005 GC heap after
{Heap after GC invocations=11 (full 0):
 garbage-first heap   total 81920K, used 37014K [0x0000000080000000, 0x0000000100000000)
  region size 1024K, 3 young (3072K), 3 survivors (3072K)
 Metaspace       used 39171K, committed 39616K, reserved 491520K
  class space    used 5520K, committed 5760K, reserved 425984K
}
Event: 6.275 GC heap before
{Heap before GC invocations=11 (full 0):
 garbage-first heap   total 81920K, used 62614K [0x0000000080000000, 0x0000000100000000)
  region size 1024K, 29 young (29696K), 3 survivors (3072K)
 Metaspace       used 42039K, committed 42560K, reserved 491520K
  class space    used 5956K, committed 6208K, reserved 425984K
}
Event: 6.277 GC heap after
{Heap after GC invocations=12 (full 0):
 garbage-first heap   total 81920K, used 38064K [0x0000000080000000, 0x0000000100000000)
  region size 1024K, 3 young (3072K), 3 survivors (3072K)
 Metaspace       used 42039K, committed 42560K, reserved 491520K
  class space    used 5956K, committed 6208K, reserved 425984K
}
Event: 7.455 GC heap before
{Heap before GC invocations=12 (full 0):
 garbage-first heap   total 81920K, used 63664K [0x0000000080000000, 0x0000000100000000)
  region size 1024K, 28 young (28672K), 3 survivors (3072K)
 Metaspace       used 48409K, committed 48896K, reserved 491520K
  class space    used 6731K, committed 6976K, reserved 425984K
}
Event: 7.459 GC heap after
{Heap after GC invocations=13 (full 0):
 garbage-first heap   total 81920K, used 41219K [0x0000000080000000, 0x0000000100000000)
  region size 1024K, 4 young (4096K), 4 survivors (4096K)
 Metaspace       used 48409K, committed 48896K, reserved 491520K
  class space    used 6731K, committed 6976K, reserved 425984K
}
Event: 7.710 GC heap before
{Heap before GC invocations=13 (full 0):
 garbage-first heap   total 81920K, used 64771K [0x0000000080000000, 0x0000000100000000)
  region size 1024K, 27 young (27648K), 4 survivors (4096K)
 Metaspace       used 50452K, committed 51008K, reserved 491520K
  class space    used 7076K, committed 7360K, reserved 425984K
}
Event: 7.713 GC heap after
{Heap after GC invocations=14 (full 0):
 garbage-first heap   total 81920K, used 43660K [0x0000000080000000, 0x0000000100000000)
  region size 1024K, 3 young (3072K), 3 survivors (3072K)
 Metaspace       used 50452K, committed 51008K, reserved 491520K
  class space    used 7076K, committed 7360K, reserved 425984K
}
Event: 7.940 GC heap before
{Heap before GC invocations=15 (full 0):
 garbage-first heap   total 81920K, used 65164K [0x0000000080000000, 0x0000000100000000)
  region size 1024K, 24 young (24576K), 3 survivors (3072K)
 Metaspace       used 53054K, committed 53568K, reserved 491520K
  class space    used 7514K, committed 7744K, reserved 425984K
}
Event: 7.942 GC heap after
{Heap after GC invocations=16 (full 0):
 garbage-first heap   total 98304K, used 44973K [0x0000000080000000, 0x0000000100000000)
  region size 1024K, 2 young (2048K), 2 survivors (2048K)
 Metaspace       used 53054K, committed 53568K, reserved 491520K
  class space    used 7514K, committed 7744K, reserved 425984K
}
Event: 7.943 GC heap before
{Heap before GC invocations=16 (full 0):
 garbage-first heap   total 98304K, used 44973K [0x0000000080000000, 0x0000000100000000)
  region size 1024K, 4 young (4096K), 2 survivors (2048K)
 Metaspace       used 53054K, committed 53568K, reserved 491520K
  class space    used 7514K, committed 7744K, reserved 425984K
}
Event: 7.944 GC heap after
{Heap after GC invocations=17 (full 0):
 garbage-first heap   total 98304K, used 45337K [0x0000000080000000, 0x0000000100000000)
  region size 1024K, 2 young (2048K), 2 survivors (2048K)
 Metaspace       used 53054K, committed 53568K, reserved 491520K
  class space    used 7514K, committed 7744K, reserved 425984K
}
Event: 7.945 GC heap before
{Heap before GC invocations=17 (full 0):
 garbage-first heap   total 98304K, used 46361K [0x0000000080000000, 0x0000000100000000)
  region size 1024K, 3 young (3072K), 2 survivors (2048K)
 Metaspace       used 53054K, committed 53568K, reserved 491520K
  class space    used 7514K, committed 7744K, reserved 425984K
}
Event: 7.946 GC heap after
{Heap after GC invocations=18 (full 0):
 garbage-first heap   total 98304K, used 45849K [0x0000000080000000, 0x0000000100000000)
  region size 1024K, 2 young (2048K), 2 survivors (2048K)
 Metaspace       used 53054K, committed 53568K, reserved 491520K
  class space    used 7514K, committed 7744K, reserved 425984K
}
Event: 8.340 GC heap before
{Heap before GC invocations=19 (full 0):
 garbage-first heap   total 98304K, used 71449K [0x0000000080000000, 0x0000000100000000)
  region size 1024K, 27 young (27648K), 2 survivors (2048K)
 Metaspace       used 55036K, committed 55680K, reserved 491520K
  class space    used 7689K, committed 8000K, reserved 425984K
}
Event: 8.342 GC heap after
{Heap after GC invocations=20 (full 0):
 garbage-first heap   total 98304K, used 48682K [0x0000000080000000, 0x0000000100000000)
  region size 1024K, 5 young (5120K), 5 survivors (5120K)
 Metaspace       used 55036K, committed 55680K, reserved 491520K
  class space    used 7689K, committed 8000K, reserved 425984K
}
Event: 8.619 GC heap before
{Heap before GC invocations=21 (full 0):
 garbage-first heap   total 98304K, used 86570K [0x0000000080000000, 0x0000000100000000)
  region size 1024K, 31 young (31744K), 5 survivors (5120K)
 Metaspace       used 57796K, committed 58432K, reserved 491520K
  class space    used 8051K, committed 8320K, reserved 425984K
}
Event: 8.622 GC heap after
{Heap after GC invocations=22 (full 0):
 garbage-first heap   total 98304K, used 63918K [0x0000000080000000, 0x0000000100000000)
  region size 1024K, 3 young (3072K), 3 survivors (3072K)
 Metaspace       used 57796K, committed 58432K, reserved 491520K
  class space    used 8051K, committed 8320K, reserved 425984K
}
Event: 8.632 GC heap before
{Heap before GC invocations=22 (full 0):
 garbage-first heap   total 98304K, used 64942K [0x0000000080000000, 0x0000000100000000)
  region size 1024K, 4 young (4096K), 3 survivors (3072K)
 Metaspace       used 57878K, committed 58560K, reserved 491520K
  class space    used 8064K, committed 8384K, reserved 425984K
}

